New log file opened at Sun Mar 13 17:45:26 GMT 2016 by 7228@markspc
jvm 7228@markspc
jvm vmName=Java HotSpot(TM) 64-Bit Server VM vmVendor=Oracle Corporation vmVersion=25.60-b23
jvm specName=Java Virtual Machine Specification specVendor=Oracle Corporation specVersion=1.8
jvm arguments: [-Xms256m, -Xmx1024m, -XX:MetaspaceSize=64m, -XX:MaxMetaspaceSize=256m]
Starting event engine
Starting sbt command engine
Waiting for sbt command engine
Command engine arguments=List()
Command engine baseDirectory=C:\Users\Mark\IdeaProjects\SDP-Exercises\cw-two
Command engine initial remaining commands List(--initialize, onFailure load-failed, boot, server-send-ready-for-request, server-handle-next-server-request)
> --initialize
> initialize
> onFailure load-failed
> boot
> reload
[Loading] Scanning directory C:\Users\Mark\IdeaProjects\SDP-Exercises\cw-two\project
[Loading] Found non-root projects 
[Loading] Done in C:\Users\Mark\IdeaProjects\SDP-Exercises\cw-two\project, returning: ()
deducing auto plugins based on known facts Set(Atom(sbt.plugins.CorePlugin)) and clauses Clauses(List(Clause(Atom(sbt.plugins.JvmPlugin),Set(Atom(sbt.plugins.IvyPlugin))), Clause(Atom(sbt.plugins.JUnitXmlReportPlugin),Set(Atom(sbt.plugins.JvmPlugin))), Clause(Atom(sbt.plugins.CorePlugin),Set(Atom(sbt.plugins.IvyPlugin))), Clause(Atom(sbt.plugins.IvyPlugin),Set(Atom(sbt.plugins.JvmPlugin))), Clause(Atom(sbt.plugins.JvmPlugin),Set(Atom(sbt.plugins.JUnitXmlReportPlugin)))))
  :: deduced result: Matched(sbt.plugins.CorePlugin,sbt.plugins.IvyPlugin,sbt.plugins.JvmPlugin,sbt.plugins.JUnitXmlReportPlugin)
sorting: ns: List(sbt.plugins.CorePlugin, sbt.plugins.IvyPlugin, sbt.plugins.JvmPlugin, sbt.plugins.JUnitXmlReportPlugin)
  :: sorting:: found: List(sbt.plugins.CorePlugin) not found List(sbt.plugins.IvyPlugin, sbt.plugins.JvmPlugin, sbt.plugins.JUnitXmlReportPlugin)
  :: sorting:: found: List(sbt.plugins.CorePlugin, sbt.plugins.IvyPlugin) not found List(sbt.plugins.JvmPlugin, sbt.plugins.JUnitXmlReportPlugin)
  :: sorting:: found: List(sbt.plugins.CorePlugin, sbt.plugins.IvyPlugin, sbt.plugins.JvmPlugin) not found List(sbt.plugins.JUnitXmlReportPlugin)
  :: sorting:: found: List(sbt.plugins.CorePlugin, sbt.plugins.IvyPlugin, sbt.plugins.JvmPlugin, sbt.plugins.JUnitXmlReportPlugin) not found List()
  :: sorted deduced result: List(sbt.plugins.CorePlugin, sbt.plugins.IvyPlugin, sbt.plugins.JvmPlugin, sbt.plugins.JUnitXmlReportPlugin)
[Loading] Done in C:\Users\Mark\IdeaProjects\SDP-Exercises\cw-two\project, returning: (cw-two-build)
Loading project definition from C:\Users\Mark\IdeaProjects\SDP-Exercises\cw-two\project
Running task... Cancel: sbt.TaskCancellationStrategy$Null$@26e98a8e, check cycles: false

Initial source changes: 
	removed:Set()
	added: Set()
	modified: Set()
Removed products: Set()
External API changes: API Changes: Set()
Modified binary dependencies: Set()
Initial directly invalidated sources: Set()

Sources indirectly invalidated by:
	product: Set()
	binary dep: Set()
	external source: Set()
All initially invalidated sources: Set()

Copy resource mappings: 
	
[Loading] Scanning directory C:\Users\Mark\IdeaProjects\SDP-Exercises\cw-two
[Loading] Found non-root projects 
[Loading] Done in C:\Users\Mark\IdeaProjects\SDP-Exercises\cw-two, returning: ()
deducing auto plugins based on known facts Set(Atom(sbt.plugins.CorePlugin)) and clauses Clauses(List(Clause(Atom(sbt.plugins.JvmPlugin),Set(Atom(sbt.plugins.IvyPlugin))), Clause(Atom(sbt.plugins.JUnitXmlReportPlugin),Set(Atom(sbt.plugins.JvmPlugin))), Clause(Atom(sbt.plugins.BackgroundRunPlugin),Set(Atom(sbt.plugins.JvmPlugin))), Clause(Atom(sbt.plugins.CorePlugin),Set(Atom(sbt.plugins.IvyPlugin))), Clause(Atom(sbt.plugins.IvyPlugin),Set(Atom(sbt.plugins.JvmPlugin))), Clause(Atom(sbt.plugins.JvmPlugin),Set(Atom(sbt.plugins.JUnitXmlReportPlugin))), Clause(Atom(sbt.plugins.JvmPlugin),Set(Atom(sbt.plugins.BackgroundRunPlugin))), Clause(Atom(sbt.plugins.CorePlugin),Set(Atom(sbt.plugins.InteractionServicePlugin))), Clause(Atom(sbt.plugins.CorePlugin),Set(Atom(sbt.plugins.SendEventServicePlugin))), Clause(Atom(sbt.plugins.CorePlugin),Set(Atom(sbt.plugins.SerializersPlugin)))))
  :: deduced result: Matched(sbt.plugins.CorePlugin,sbt.plugins.SerializersPlugin,sbt.plugins.SendEventServicePlugin,sbt.plugins.InteractionServicePlugin,sbt.plugins.IvyPlugin,sbt.plugins.JvmPlugin,sbt.plugins.BackgroundRunPlugin,sbt.plugins.JUnitXmlReportPlugin)
sorting: ns: List(sbt.plugins.CorePlugin, sbt.plugins.SerializersPlugin, sbt.plugins.SendEventServicePlugin, sbt.plugins.InteractionServicePlugin, sbt.plugins.IvyPlugin, sbt.plugins.JvmPlugin, sbt.plugins.BackgroundRunPlugin, sbt.plugins.JUnitXmlReportPlugin)
  :: sorting:: found: List(sbt.plugins.CorePlugin) not found List(sbt.plugins.SerializersPlugin, sbt.plugins.SendEventServicePlugin, sbt.plugins.InteractionServicePlugin, sbt.plugins.IvyPlugin, sbt.plugins.JvmPlugin, sbt.plugins.BackgroundRunPlugin, sbt.plugins.JUnitXmlReportPlugin)
  :: sorting:: found: List(sbt.plugins.CorePlugin, sbt.plugins.SerializersPlugin, sbt.plugins.SendEventServicePlugin, sbt.plugins.InteractionServicePlugin, sbt.plugins.IvyPlugin) not found List(sbt.plugins.JvmPlugin, sbt.plugins.BackgroundRunPlugin, sbt.plugins.JUnitXmlReportPlugin)
  :: sorting:: found: List(sbt.plugins.CorePlugin, sbt.plugins.SerializersPlugin, sbt.plugins.SendEventServicePlugin, sbt.plugins.InteractionServicePlugin, sbt.plugins.IvyPlugin, sbt.plugins.JvmPlugin) not found List(sbt.plugins.BackgroundRunPlugin, sbt.plugins.JUnitXmlReportPlugin)
  :: sorting:: found: List(sbt.plugins.CorePlugin, sbt.plugins.SerializersPlugin, sbt.plugins.SendEventServicePlugin, sbt.plugins.InteractionServicePlugin, sbt.plugins.IvyPlugin, sbt.plugins.JvmPlugin, sbt.plugins.BackgroundRunPlugin, sbt.plugins.JUnitXmlReportPlugin) not found List()
  :: sorted deduced result: List(sbt.plugins.CorePlugin, sbt.plugins.SerializersPlugin, sbt.plugins.SendEventServicePlugin, sbt.plugins.InteractionServicePlugin, sbt.plugins.IvyPlugin, sbt.plugins.JvmPlugin, sbt.plugins.BackgroundRunPlugin, sbt.plugins.JUnitXmlReportPlugin)
[Loading] Done in C:\Users\Mark\IdeaProjects\SDP-Exercises\cw-two, returning: (cw-two)
Set current project to mastermind (in build file:/C:/Users/Mark/IdeaProjects/SDP-Exercises/cw-two/)
Reapplying settings...
Set current project to mastermind (in build file:/C:/Users/Mark/IdeaProjects/SDP-Exercises/cw-two/)
> iflast shell
> server-send-ready-for-request
> server-handle-next-server-request
> {file:/C:/Users/Mark/IdeaProjects/SDP-Exercises/cw-two/}cw-two/compile:discoveredMainClasses
Evaluating tasks: compile:discoveredMainClasses
Running task... Cancel: sbt.server.ServerTaskCancellation@61354546, check cycles: false

Initial source changes: 
	removed:Set()
	added: Set()
	modified: Set()
Removed products: Set()
External API changes: API Changes: Set()
Modified binary dependencies: Set()
Initial directly invalidated sources: Set()

Sources indirectly invalidated by:
	product: Set()
	binary dep: Set()
	external source: Set()
All initially invalidated sources: Set()

Total time: 1 s, completed 13-Mar-2016 17:45:31
> server-post-command-cleanup
> server-handle-next-server-request
> {file:/C:/Users/Mark/IdeaProjects/SDP-Exercises/cw-two/}cw-two/compile:mainClass
Evaluating tasks: compile:mainClass
Running task... Cancel: sbt.server.ServerTaskCancellation@db626c5, check cycles: false

Initial source changes: 
	removed:Set()
	added: Set()
	modified: Set()
Removed products: Set()
External API changes: API Changes: Set()
Modified binary dependencies: Set()
Initial directly invalidated sources: Set()

Sources indirectly invalidated by:
	product: Set()
	binary dep: Set()
	external source: Set()
All initially invalidated sources: Set()

Total time: 1 s, completed 13-Mar-2016 17:45:33
> server-post-command-cleanup
> server-handle-next-server-request
> {file:/C:/Users/Mark/IdeaProjects/SDP-Exercises/cw-two/}cw-two/compile:discoveredMainClasses
Evaluating tasks: compile:discoveredMainClasses
Running task... Cancel: sbt.server.ServerTaskCancellation@293c5860, check cycles: false

Initial source changes: 
	removed:Set()
	added: Set()
	modified: Set()
Removed products: Set()
External API changes: API Changes: Set()
Modified binary dependencies: Set()
Initial directly invalidated sources: Set()

Sources indirectly invalidated by:
	product: Set()
	binary dep: Set()
	external source: Set()
All initially invalidated sources: Set()

Total time: 1 s, completed 13-Mar-2016 17:45:33
> server-post-command-cleanup
> server-handle-next-server-request
> {file:/C:/Users/Mark/IdeaProjects/SDP-Exercises/cw-two/}cw-two/compile:mainClass
Evaluating tasks: compile:mainClass
Running task... Cancel: sbt.server.ServerTaskCancellation@23a42e83, check cycles: false

Initial source changes: 
	removed:Set()
	added: Set()
	modified: Set()
Removed products: Set()
External API changes: API Changes: Set()
Modified binary dependencies: Set()
Initial directly invalidated sources: Set()

Sources indirectly invalidated by:
	product: Set()
	binary dep: Set()
	external source: Set()
All initially invalidated sources: Set()

Total time: 1 s, completed 13-Mar-2016 17:45:34
> server-post-command-cleanup
> server-handle-next-server-request
> compile
Evaluating tasks: compile:compile
Running task... Cancel: sbt.server.ServerTaskCancellation@41c7df1e, check cycles: false

Initial source changes: 
	removed:Set()
	added: Set()
	modified: Set()
Removed products: Set()
External API changes: API Changes: Set()
Modified binary dependencies: Set()
Initial directly invalidated sources: Set()

Sources indirectly invalidated by:
	product: Set()
	binary dep: Set()
	external source: Set()
All initially invalidated sources: Set()

Total time: 0 s, completed 13-Mar-2016 17:51:32
> server-post-command-cleanup
> server-handle-next-server-request
> test
Evaluating tasks: test:test
Running task... Cancel: sbt.server.ServerTaskCancellation@645bc1bf, check cycles: false

Initial source changes: 
	removed:Set()
	added: Set()
	modified: Set()
Removed products: Set()
External API changes: API Changes: Set()
Modified binary dependencies: Set()
Initial directly invalidated sources: Set()

Sources indirectly invalidated by:
	product: Set()
	binary dep: Set()
	external source: Set()
All initially invalidated sources: Set()

Copy resource mappings: 
	

Initial source changes: 
	removed:Set()
	added: Set(C:\Users\Mark\IdeaProjects\SDP-Exercises\cw-two\src\test\scala\PegBuilderTest.scala)
	modified: Set()
Removed products: Set()
External API changes: API Changes: Set()
Modified binary dependencies: Set()
Initial directly invalidated sources: Set(C:\Users\Mark\IdeaProjects\SDP-Exercises\cw-two\src\test\scala\PegBuilderTest.scala)

Sources indirectly invalidated by:
	product: Set()
	binary dep: Set()
	external source: Set()
All initially invalidated sources: Set(C:\Users\Mark\IdeaProjects\SDP-Exercises\cw-two\src\test\scala\PegBuilderTest.scala)

Recompiling all 1 sources: invalidated sources (1) exceeded 50.0% of all sources
Read from stdout: Compiling 1 Scala source to C:\Users\Mark\IdeaProjects\SDP-Exercises\cw-two\target\scala-2.11\test-classes...
Compiling 1 Scala source to C:\Users\Mark\IdeaProjects\SDP-Exercises\cw-two\target\scala-2.11\test-classes...
Getting compiler-interface from component compiler for Scala 2.11.7
Other repositories:
Default repositories:
Getting compiler-interface from component compiler for Scala 2.11.7
Other repositories:
Default repositories:
Running cached compiler 2d3a8867, interfacing (CompilerInterface) with Scala compiler version 2.11.7
Calling Scala compiler with arguments  (CompilerInterface):
	-bootclasspath
	C:\Program Files\Java\jdk1.8.0_60\jre\lib\resources.jar;C:\Program Files\Java\jdk1.8.0_60\jre\lib\rt.jar;C:\Program Files\Java\jdk1.8.0_60\jre\lib\sunrsasign.jar;C:\Program Files\Java\jdk1.8.0_60\jre\lib\jsse.jar;C:\Program Files\Java\jdk1.8.0_60\jre\lib\jce.jar;C:\Program Files\Java\jdk1.8.0_60\jre\lib\charsets.jar;C:\Program Files\Java\jdk1.8.0_60\jre\lib\jfr.jar;C:\Program Files\Java\jdk1.8.0_60\jre\classes;C:\Users\Mark\.ivy2\cache\org.scala-lang\scala-library\jars\scala-library-2.11.7.jar
	-classpath
	C:\Users\Mark\IdeaProjects\SDP-Exercises\cw-two\target\scala-2.11\test-classes;C:\Users\Mark\IdeaProjects\SDP-Exercises\cw-two\target\scala-2.11\classes;C:\Users\Mark\.ivy2\cache\org.scalatest\scalatest_2.11\bundles\scalatest_2.11-2.2.6.jar;C:\Users\Mark\.ivy2\cache\org.scala-lang\scala-reflect\jars\scala-reflect-2.11.7.jar;C:\Users\Mark\.ivy2\cache\org.scala-lang.modules\scala-xml_2.11\bundles\scala-xml_2.11-1.0.2.jar
Scala compilation took 6.034811648 s
Invalidating C:\Users\Mark\IdeaProjects\SDP-Exercises\cw-two\src\test\scala\PegBuilderTest.scala...
Invalidating (transitively) by inheritance from C:\Users\Mark\IdeaProjects\SDP-Exercises\cw-two\src\test\scala\PegBuilderTest.scala...
Initial set of included nodes: Set(C:\Users\Mark\IdeaProjects\SDP-Exercises\cw-two\src\test\scala\PegBuilderTest.scala)
Invalidated by transitive inheritance dependency: Set(C:\Users\Mark\IdeaProjects\SDP-Exercises\cw-two\src\test\scala\PegBuilderTest.scala)
The C:\Users\Mark\IdeaProjects\SDP-Exercises\cw-two\src\test\scala\PegBuilderTest.scala source file has the following implicit definitions changed:
	convertToAnyShouldWrapper, convertNumericToPlusOrMinusWrapper, convertToEqualizer, convertToRegexWrapper, unconstrainedEquality, convertToStringShouldWrapper, convertSymbolToHavePropertyMatcherGenerator.
All member reference dependencies will be considered within this context.
New invalidations:
	Set()
Initial set of included nodes: Set()
Previously invalidated, but (transitively) depend on new invalidations:
	Set()
All newly invalidated sources after taking into account (previously) recompiled sources:Set()
Copy resource mappings: 
	
Framework implementation 'org.scalacheck.ScalaCheckFramework' not present.
Framework implementation 'org.specs2.runner.Specs2Framework' not present.
Framework implementation 'org.specs2.runner.SpecsFramework' not present.
Framework implementation 'org.specs.runner.SpecsFramework' not present.
Framework implementation 'com.novocode.junit.JUnitFramework' not present.
Subclass fingerprints: List((org.scalatest.Suite,false,org.scalatest.tools.Framework$$anon$1@1810b2d5))
Annotation fingerprints: List((org.scalatest.WrapWith,false,org.scalatest.tools.Framework$$anon$2@3ccd8e4f))
Running TaskDef(PegBuilderTest, org.scalatest.tools.Framework$$anon$1@1810b2d5, false, [SuiteSelector])
Read from stdout: PegBuilderTest:
Read from stdout: - Tests PegBuilder object *** FAILED ***
Read from stdout: Green did not equal Blue (PegBuilderTest.scala:9)
PegBuilderTest:
- Tests PegBuilder object *** FAILED ***
  Green did not equal Blue (PegBuilderTest.scala:9)
Read from stdout: Run completed in 1 second, 242 milliseconds.
Read from stdout: Total number of tests run: 1
Read from stdout: Suites: completed 1, aborted 0
Read from stdout: Tests: succeeded 0, failed 1, canceled 0, ignored 0, pending 0
Read from stdout: *** 1 TEST FAILED ***
Run completed in 1 second, 242 milliseconds.
Total number of tests run: 1
Suites: completed 1, aborted 0
Tests: succeeded 0, failed 1, canceled 0, ignored 0, pending 0
*** 1 TEST FAILED ***
Read from stdout: Failed tests:
Failed tests:
Read from stdout: 	PegBuilderTest
	PegBuilderTest
Read from stdout: (test:test) sbt.TestsFailedException: Tests unsuccessful
(test:test) sbt.TestsFailedException: Tests unsuccessful
Total time: 8 s, completed 13-Mar-2016 17:51:45
> server-post-command-error-handler
> server-post-command-cleanup
> server-handle-next-server-request
> compile
Evaluating tasks: compile:compile
Running task... Cancel: sbt.server.ServerTaskCancellation@3446a5b1, check cycles: false

Initial source changes: 
	removed:Set()
	added: Set()
	modified: Set()
Removed products: Set()
External API changes: API Changes: Set()
Modified binary dependencies: Set()
Initial directly invalidated sources: Set()

Sources indirectly invalidated by:
	product: Set()
	binary dep: Set()
	external source: Set()
All initially invalidated sources: Set()

Total time: 0 s, completed 13-Mar-2016 17:52:30
> server-post-command-cleanup
> server-handle-next-server-request
> test
Evaluating tasks: test:test
Running task... Cancel: sbt.server.ServerTaskCancellation@70096109, check cycles: false

Initial source changes: 
	removed:Set()
	added: Set()
	modified: Set()
Removed products: Set()
External API changes: API Changes: Set()
Modified binary dependencies: Set()
Initial directly invalidated sources: Set()

Sources indirectly invalidated by:
	product: Set()
	binary dep: Set()
	external source: Set()
All initially invalidated sources: Set()

Copy resource mappings: 
	

Initial source changes: 
	removed:Set()
	added: Set()
	modified: Set(C:\Users\Mark\IdeaProjects\SDP-Exercises\cw-two\src\test\scala\PegBuilderTest.scala)
Removed products: Set()
External API changes: API Changes: Set()
Modified binary dependencies: Set()
Initial directly invalidated sources: Set(C:\Users\Mark\IdeaProjects\SDP-Exercises\cw-two\src\test\scala\PegBuilderTest.scala)

Sources indirectly invalidated by:
	product: Set()
	binary dep: Set()
	external source: Set()
All initially invalidated sources: Set(C:\Users\Mark\IdeaProjects\SDP-Exercises\cw-two\src\test\scala\PegBuilderTest.scala)

Recompiling all 1 sources: invalidated sources (1) exceeded 50.0% of all sources
Read from stdout: Compiling 1 Scala source to C:\Users\Mark\IdeaProjects\SDP-Exercises\cw-two\target\scala-2.11\test-classes...
Compiling 1 Scala source to C:\Users\Mark\IdeaProjects\SDP-Exercises\cw-two\target\scala-2.11\test-classes...
Getting compiler-interface from component compiler for Scala 2.11.7
Other repositories:
Default repositories:
Getting compiler-interface from component compiler for Scala 2.11.7
Other repositories:
Default repositories:
Running cached compiler 11a4e118, interfacing (CompilerInterface) with Scala compiler version 2.11.7
Calling Scala compiler with arguments  (CompilerInterface):
	-bootclasspath
	C:\Program Files\Java\jdk1.8.0_60\jre\lib\resources.jar;C:\Program Files\Java\jdk1.8.0_60\jre\lib\rt.jar;C:\Program Files\Java\jdk1.8.0_60\jre\lib\sunrsasign.jar;C:\Program Files\Java\jdk1.8.0_60\jre\lib\jsse.jar;C:\Program Files\Java\jdk1.8.0_60\jre\lib\jce.jar;C:\Program Files\Java\jdk1.8.0_60\jre\lib\charsets.jar;C:\Program Files\Java\jdk1.8.0_60\jre\lib\jfr.jar;C:\Program Files\Java\jdk1.8.0_60\jre\classes;C:\Users\Mark\.ivy2\cache\org.scala-lang\scala-library\jars\scala-library-2.11.7.jar
	-classpath
	C:\Users\Mark\IdeaProjects\SDP-Exercises\cw-two\target\scala-2.11\test-classes;C:\Users\Mark\IdeaProjects\SDP-Exercises\cw-two\target\scala-2.11\classes;C:\Users\Mark\.ivy2\cache\org.scalatest\scalatest_2.11\bundles\scalatest_2.11-2.2.6.jar;C:\Users\Mark\.ivy2\cache\org.scala-lang\scala-reflect\jars\scala-reflect-2.11.7.jar;C:\Users\Mark\.ivy2\cache\org.scala-lang.modules\scala-xml_2.11\bundles\scala-xml_2.11-1.0.2.jar
Scala compilation took 1.809983121 s
New invalidations:
	Set()
Initial set of included nodes: Set()
Previously invalidated, but (transitively) depend on new invalidations:
	Set()
All newly invalidated sources after taking into account (previously) recompiled sources:Set()
Copy resource mappings: 
	
Framework implementation 'org.scalacheck.ScalaCheckFramework' not present.
Framework implementation 'org.specs2.runner.Specs2Framework' not present.
Framework implementation 'org.specs2.runner.SpecsFramework' not present.
Framework implementation 'org.specs.runner.SpecsFramework' not present.
Framework implementation 'com.novocode.junit.JUnitFramework' not present.
Subclass fingerprints: List((org.scalatest.Suite,false,org.scalatest.tools.Framework$$anon$1@693b0d07))
Annotation fingerprints: List((org.scalatest.WrapWith,false,org.scalatest.tools.Framework$$anon$2@43273640))
Running TaskDef(PegBuilderTest, org.scalatest.tools.Framework$$anon$1@693b0d07, false, [SuiteSelector])
Read from stdout: PegBuilderTest:
Read from stdout: - Tests PegBuilder object
PegBuilderTest:
- Tests PegBuilder object
Read from stdout: Run completed in 277 milliseconds.
Read from stdout: Total number of tests run: 1
Read from stdout: Suites: completed 1, aborted 0
Read from stdout: Tests: succeeded 1, failed 0, canceled 0, ignored 0, pending 0
Read from stdout: All tests passed.
Run completed in 277 milliseconds.
Total number of tests run: 1
Suites: completed 1, aborted 0
Tests: succeeded 1, failed 0, canceled 0, ignored 0, pending 0
All tests passed.
Passed tests:
	PegBuilderTest
Total time: 3 s, completed 13-Mar-2016 17:52:33
> server-post-command-cleanup
> server-handle-next-server-request
> compile
Evaluating tasks: compile:compile
Running task... Cancel: sbt.server.ServerTaskCancellation@709d4ae6, check cycles: false

Initial source changes: 
	removed:Set()
	added: Set()
	modified: Set()
Removed products: Set()
External API changes: API Changes: Set()
Modified binary dependencies: Set()
Initial directly invalidated sources: Set()

Sources indirectly invalidated by:
	product: Set()
	binary dep: Set()
	external source: Set()
All initially invalidated sources: Set()

Total time: 0 s, completed 13-Mar-2016 17:54:15
> server-post-command-cleanup
> server-handle-next-server-request
> test
Evaluating tasks: test:test
Running task... Cancel: sbt.server.ServerTaskCancellation@18949ee0, check cycles: false

Initial source changes: 
	removed:Set()
	added: Set()
	modified: Set()
Removed products: Set()
External API changes: API Changes: Set()
Modified binary dependencies: Set()
Initial directly invalidated sources: Set()

Sources indirectly invalidated by:
	product: Set()
	binary dep: Set()
	external source: Set()
All initially invalidated sources: Set()

Copy resource mappings: 
	

Initial source changes: 
	removed:Set()
	added: Set()
	modified: Set(C:\Users\Mark\IdeaProjects\SDP-Exercises\cw-two\src\test\scala\PegBuilderTest.scala)
Removed products: Set()
External API changes: API Changes: Set()
Modified binary dependencies: Set()
Initial directly invalidated sources: Set(C:\Users\Mark\IdeaProjects\SDP-Exercises\cw-two\src\test\scala\PegBuilderTest.scala)

Sources indirectly invalidated by:
	product: Set()
	binary dep: Set()
	external source: Set()
All initially invalidated sources: Set(C:\Users\Mark\IdeaProjects\SDP-Exercises\cw-two\src\test\scala\PegBuilderTest.scala)

Recompiling all 1 sources: invalidated sources (1) exceeded 50.0% of all sources
Read from stdout: Compiling 1 Scala source to C:\Users\Mark\IdeaProjects\SDP-Exercises\cw-two\target\scala-2.11\test-classes...
Compiling 1 Scala source to C:\Users\Mark\IdeaProjects\SDP-Exercises\cw-two\target\scala-2.11\test-classes...
Getting compiler-interface from component compiler for Scala 2.11.7
Other repositories:
Default repositories:
Getting compiler-interface from component compiler for Scala 2.11.7
Other repositories:
Default repositories:
Running cached compiler 1abaa086, interfacing (CompilerInterface) with Scala compiler version 2.11.7
Calling Scala compiler with arguments  (CompilerInterface):
	-bootclasspath
	C:\Program Files\Java\jdk1.8.0_60\jre\lib\resources.jar;C:\Program Files\Java\jdk1.8.0_60\jre\lib\rt.jar;C:\Program Files\Java\jdk1.8.0_60\jre\lib\sunrsasign.jar;C:\Program Files\Java\jdk1.8.0_60\jre\lib\jsse.jar;C:\Program Files\Java\jdk1.8.0_60\jre\lib\jce.jar;C:\Program Files\Java\jdk1.8.0_60\jre\lib\charsets.jar;C:\Program Files\Java\jdk1.8.0_60\jre\lib\jfr.jar;C:\Program Files\Java\jdk1.8.0_60\jre\classes;C:\Users\Mark\.ivy2\cache\org.scala-lang\scala-library\jars\scala-library-2.11.7.jar
	-classpath
	C:\Users\Mark\IdeaProjects\SDP-Exercises\cw-two\target\scala-2.11\test-classes;C:\Users\Mark\IdeaProjects\SDP-Exercises\cw-two\target\scala-2.11\classes;C:\Users\Mark\.ivy2\cache\org.scalatest\scalatest_2.11\bundles\scalatest_2.11-2.2.6.jar;C:\Users\Mark\.ivy2\cache\org.scala-lang\scala-reflect\jars\scala-reflect-2.11.7.jar;C:\Users\Mark\.ivy2\cache\org.scala-lang.modules\scala-xml_2.11\bundles\scala-xml_2.11-1.0.2.jar
Scala compilation took 1.389556599 s
Invalidating C:\Users\Mark\IdeaProjects\SDP-Exercises\cw-two\src\test\scala\PegBuilderTest.scala...
Invalidating (transitively) by inheritance from C:\Users\Mark\IdeaProjects\SDP-Exercises\cw-two\src\test\scala\PegBuilderTest.scala...
Initial set of included nodes: Set(C:\Users\Mark\IdeaProjects\SDP-Exercises\cw-two\src\test\scala\PegBuilderTest.scala)
Invalidated by transitive inheritance dependency: Set(C:\Users\Mark\IdeaProjects\SDP-Exercises\cw-two\src\test\scala\PegBuilderTest.scala)
The C:\Users\Mark\IdeaProjects\SDP-Exercises\cw-two\src\test\scala\PegBuilderTest.scala source file has the following implicit definitions changed:
	convertToAnyShouldWrapper, convertNumericToPlusOrMinusWrapper, convertToRegexWrapper, convertToStringShouldWrapper, convertSymbolToHavePropertyMatcherGenerator.
All member reference dependencies will be considered within this context.
New invalidations:
	Set()
Initial set of included nodes: Set()
Previously invalidated, but (transitively) depend on new invalidations:
	Set()
All newly invalidated sources after taking into account (previously) recompiled sources:Set()
Copy resource mappings: 
	
Framework implementation 'org.scalacheck.ScalaCheckFramework' not present.
Framework implementation 'org.specs2.runner.Specs2Framework' not present.
Framework implementation 'org.specs2.runner.SpecsFramework' not present.
Framework implementation 'org.specs.runner.SpecsFramework' not present.
Framework implementation 'com.novocode.junit.JUnitFramework' not present.
Subclass fingerprints: List((org.scalatest.Suite,false,org.scalatest.tools.Framework$$anon$1@2536104a))
Annotation fingerprints: List((org.scalatest.WrapWith,false,org.scalatest.tools.Framework$$anon$2@60ab6a0b))
Running TaskDef(PegBuilderTest, org.scalatest.tools.Framework$$anon$1@2536104a, false, [SuiteSelector])
Read from stdout: PegBuilderTest:
Read from stdout: - Tests PegBuilder object *** FAILED ***
Read from stdout: Blue did not equal "Pink" (PegBuilderTest.scala:6)
PegBuilderTest:
- Tests PegBuilder object *** FAILED ***
  Blue did not equal "Pink" (PegBuilderTest.scala:6)
Read from stdout: Run completed in 262 milliseconds.
Read from stdout: Total number of tests run: 1
Read from stdout: Suites: completed 1, aborted 0
Read from stdout: Tests: succeeded 0, failed 1, canceled 0, ignored 0, pending 0
Read from stdout: *** 1 TEST FAILED ***
Run completed in 262 milliseconds.
Total number of tests run: 1
Suites: completed 1, aborted 0
Tests: succeeded 0, failed 1, canceled 0, ignored 0, pending 0
*** 1 TEST FAILED ***
Read from stdout: Failed tests:
Failed tests:
Read from stdout: 	PegBuilderTest
	PegBuilderTest
Read from stdout: (test:test) sbt.TestsFailedException: Tests unsuccessful
(test:test) sbt.TestsFailedException: Tests unsuccessful
Total time: 2 s, completed 13-Mar-2016 17:54:18
> server-post-command-error-handler
> server-post-command-cleanup
> server-handle-next-server-request
> compile
Evaluating tasks: compile:compile
Running task... Cancel: sbt.server.ServerTaskCancellation@c9ef0da, check cycles: false

Initial source changes: 
	removed:Set()
	added: Set()
	modified: Set()
Removed products: Set(C:\Users\Mark\IdeaProjects\SDP-Exercises\cw-two\target\scala-2.11\classes\PegBuilder.class, C:\Users\Mark\IdeaProjects\SDP-Exercises\cw-two\target\scala-2.11\classes\MastermindDriver$.class, C:\Users\Mark\IdeaProjects\SDP-Exercises\cw-two\target\scala-2.11\classes\Game.class, C:\Users\Mark\IdeaProjects\SDP-Exercises\cw-two\target\scala-2.11\classes\Factory.class, C:\Users\Mark\IdeaProjects\SDP-Exercises\cw-two\target\scala-2.11\classes\PegBuilder$.class, C:\Users\Mark\IdeaProjects\SDP-Exercises\cw-two\target\scala-2.11\classes\Orange$.class, C:\Users\Mark\IdeaProjects\SDP-Exercises\cw-two\target\scala-2.11\classes\Purple.class, C:\Users\Mark\IdeaProjects\SDP-Exercises\cw-two\target\scala-2.11\classes\Blue$.class, C:\Users\Mark\IdeaProjects\SDP-Exercises\cw-two\target\scala-2.11\classes\Orange.class, C:\Users\Mark\IdeaProjects\SDP-Exercises\cw-two\target\scala-2.11\classes\MastermindDriver.class, C:\Users\Mark\IdeaProjects\SDP-Exercises\cw-two\target\scala-2.11\classes\Yellow.class, C:\Users\Mark\IdeaProjects\SDP-Exercises\cw-two\target\scala-2.11\classes\GameAbstractImpl.class, C:\Users\Mark\IdeaProjects\SDP-Exercises\cw-two\target\scala-2.11\classes\Blue.class, C:\Users\Mark\IdeaProjects\SDP-Exercises\cw-two\target\scala-2.11\classes\Green$.class, C:\Users\Mark\IdeaProjects\SDP-Exercises\cw-two\target\scala-2.11\classes\Purple$.class, C:\Users\Mark\IdeaProjects\SDP-Exercises\cw-two\target\scala-2.11\classes\Red$.class, C:\Users\Mark\IdeaProjects\SDP-Exercises\cw-two\target\scala-2.11\classes\Green.class, C:\Users\Mark\IdeaProjects\SDP-Exercises\cw-two\target\scala-2.11\classes\Peg.class, C:\Users\Mark\IdeaProjects\SDP-Exercises\cw-two\target\scala-2.11\classes\Yellow$.class, C:\Users\Mark\IdeaProjects\SDP-Exercises\cw-two\target\scala-2.11\classes\Red.class, C:\Users\Mark\IdeaProjects\SDP-Exercises\cw-two\target\scala-2.11\classes\Factory$.class)
External API changes: API Changes: Set()
Modified binary dependencies: Set()
Initial directly invalidated sources: Set()

Sources indirectly invalidated by:
	product: Set(C:\Users\Mark\IdeaProjects\SDP-Exercises\cw-two\src\main\scala\Peg.scala, C:\Users\Mark\IdeaProjects\SDP-Exercises\cw-two\src\main\scala\MastermindDriver.scala, C:\Users\Mark\IdeaProjects\SDP-Exercises\cw-two\src\main\scala\PegBuilder.scala, C:\Users\Mark\IdeaProjects\SDP-Exercises\cw-two\src\main\scala\Factory.scala, C:\Users\Mark\IdeaProjects\SDP-Exercises\cw-two\src\main\scala\GameAbstractImpl.scala, C:\Users\Mark\IdeaProjects\SDP-Exercises\cw-two\src\main\scala\Game.scala)
	binary dep: Set()
	external source: Set()
All initially invalidated sources: Set(C:\Users\Mark\IdeaProjects\SDP-Exercises\cw-two\src\main\scala\Peg.scala, C:\Users\Mark\IdeaProjects\SDP-Exercises\cw-two\src\main\scala\MastermindDriver.scala, C:\Users\Mark\IdeaProjects\SDP-Exercises\cw-two\src\main\scala\PegBuilder.scala, C:\Users\Mark\IdeaProjects\SDP-Exercises\cw-two\src\main\scala\Factory.scala, C:\Users\Mark\IdeaProjects\SDP-Exercises\cw-two\src\main\scala\GameAbstractImpl.scala, C:\Users\Mark\IdeaProjects\SDP-Exercises\cw-two\src\main\scala\Game.scala)

Recompiling all 6 sources: invalidated sources (6) exceeded 50.0% of all sources
Read from stdout: Compiling 6 Scala sources to C:\Users\Mark\IdeaProjects\SDP-Exercises\cw-two\target\scala-2.11\classes...
Compiling 6 Scala sources to C:\Users\Mark\IdeaProjects\SDP-Exercises\cw-two\target\scala-2.11\classes...
Getting compiler-interface from component compiler for Scala 2.11.7
Other repositories:
Default repositories:
Getting compiler-interface from component compiler for Scala 2.11.7
Other repositories:
Default repositories:
Running cached compiler 5cba8b07, interfacing (CompilerInterface) with Scala compiler version 2.11.7
Calling Scala compiler with arguments  (CompilerInterface):
	-bootclasspath
	C:\Program Files\Java\jdk1.8.0_60\jre\lib\resources.jar;C:\Program Files\Java\jdk1.8.0_60\jre\lib\rt.jar;C:\Program Files\Java\jdk1.8.0_60\jre\lib\sunrsasign.jar;C:\Program Files\Java\jdk1.8.0_60\jre\lib\jsse.jar;C:\Program Files\Java\jdk1.8.0_60\jre\lib\jce.jar;C:\Program Files\Java\jdk1.8.0_60\jre\lib\charsets.jar;C:\Program Files\Java\jdk1.8.0_60\jre\lib\jfr.jar;C:\Program Files\Java\jdk1.8.0_60\jre\classes;C:\Users\Mark\.ivy2\cache\org.scala-lang\scala-library\jars\scala-library-2.11.7.jar
	-classpath
	C:\Users\Mark\IdeaProjects\SDP-Exercises\cw-two\target\scala-2.11\classes
Scala compilation took 1.374978423 s
New invalidations:
	Set()
Initial set of included nodes: Set()
Previously invalidated, but (transitively) depend on new invalidations:
	Set()
All newly invalidated sources after taking into account (previously) recompiled sources:Set()
Total time: 2 s, completed 13-Mar-2016 17:55:31
> server-post-command-cleanup
> server-handle-next-server-request
> test
Evaluating tasks: test:test
Running task... Cancel: sbt.server.ServerTaskCancellation@3e8a641b, check cycles: false

Initial source changes: 
	removed:Set()
	added: Set()
	modified: Set()
Removed products: Set()
External API changes: API Changes: Set()
Modified binary dependencies: Set()
Initial directly invalidated sources: Set()

Sources indirectly invalidated by:
	product: Set()
	binary dep: Set()
	external source: Set()
All initially invalidated sources: Set()

Copy resource mappings: 
	

Initial source changes: 
	removed:Set()
	added: Set()
	modified: Set(C:\Users\Mark\IdeaProjects\SDP-Exercises\cw-two\src\test\scala\PegBuilderTest.scala)
Removed products: Set(C:\Users\Mark\IdeaProjects\SDP-Exercises\cw-two\target\scala-2.11\test-classes\PegBuilderTest$$anonfun$1.class, C:\Users\Mark\IdeaProjects\SDP-Exercises\cw-two\target\scala-2.11\test-classes\PegBuilderTest.class)
External API changes: API Changes: Set()
Modified binary dependencies: Set()
Initial directly invalidated sources: Set(C:\Users\Mark\IdeaProjects\SDP-Exercises\cw-two\src\test\scala\PegBuilderTest.scala)

Sources indirectly invalidated by:
	product: Set(C:\Users\Mark\IdeaProjects\SDP-Exercises\cw-two\src\test\scala\PegBuilderTest.scala)
	binary dep: Set()
	external source: Set()
All initially invalidated sources: Set(C:\Users\Mark\IdeaProjects\SDP-Exercises\cw-two\src\test\scala\PegBuilderTest.scala)

Recompiling all 1 sources: invalidated sources (1) exceeded 50.0% of all sources
Read from stdout: Compiling 1 Scala source to C:\Users\Mark\IdeaProjects\SDP-Exercises\cw-two\target\scala-2.11\test-classes...
Compiling 1 Scala source to C:\Users\Mark\IdeaProjects\SDP-Exercises\cw-two\target\scala-2.11\test-classes...
Getting compiler-interface from component compiler for Scala 2.11.7
Other repositories:
Default repositories:
Getting compiler-interface from component compiler for Scala 2.11.7
Other repositories:
Default repositories:
Running cached compiler 69faedad, interfacing (CompilerInterface) with Scala compiler version 2.11.7
Calling Scala compiler with arguments  (CompilerInterface):
	-bootclasspath
	C:\Program Files\Java\jdk1.8.0_60\jre\lib\resources.jar;C:\Program Files\Java\jdk1.8.0_60\jre\lib\rt.jar;C:\Program Files\Java\jdk1.8.0_60\jre\lib\sunrsasign.jar;C:\Program Files\Java\jdk1.8.0_60\jre\lib\jsse.jar;C:\Program Files\Java\jdk1.8.0_60\jre\lib\jce.jar;C:\Program Files\Java\jdk1.8.0_60\jre\lib\charsets.jar;C:\Program Files\Java\jdk1.8.0_60\jre\lib\jfr.jar;C:\Program Files\Java\jdk1.8.0_60\jre\classes;C:\Users\Mark\.ivy2\cache\org.scala-lang\scala-library\jars\scala-library-2.11.7.jar
	-classpath
	C:\Users\Mark\IdeaProjects\SDP-Exercises\cw-two\target\scala-2.11\test-classes;C:\Users\Mark\IdeaProjects\SDP-Exercises\cw-two\target\scala-2.11\classes;C:\Users\Mark\.ivy2\cache\org.scalatest\scalatest_2.11\bundles\scalatest_2.11-2.2.6.jar;C:\Users\Mark\.ivy2\cache\org.scala-lang\scala-reflect\jars\scala-reflect-2.11.7.jar;C:\Users\Mark\.ivy2\cache\org.scala-lang.modules\scala-xml_2.11\bundles\scala-xml_2.11-1.0.2.jar
Scala compilation took 1.007677242 s
New invalidations:
	Set()
Initial set of included nodes: Set()
Previously invalidated, but (transitively) depend on new invalidations:
	Set()
All newly invalidated sources after taking into account (previously) recompiled sources:Set()
Copy resource mappings: 
	
Framework implementation 'org.scalacheck.ScalaCheckFramework' not present.
Framework implementation 'org.specs2.runner.Specs2Framework' not present.
Framework implementation 'org.specs2.runner.SpecsFramework' not present.
Framework implementation 'org.specs.runner.SpecsFramework' not present.
Framework implementation 'com.novocode.junit.JUnitFramework' not present.
Subclass fingerprints: List((org.scalatest.Suite,false,org.scalatest.tools.Framework$$anon$1@18a4699d))
Annotation fingerprints: List((org.scalatest.WrapWith,false,org.scalatest.tools.Framework$$anon$2@2cd75351))
Running TaskDef(PegBuilderTest, org.scalatest.tools.Framework$$anon$1@18a4699d, false, [SuiteSelector])
Read from stdout: PegBuilderTest:
Read from stdout: - Tests PegBuilder object
PegBuilderTest:
- Tests PegBuilder object
Read from stdout: Run completed in 180 milliseconds.
Read from stdout: Total number of tests run: 1
Read from stdout: Suites: completed 1, aborted 0
Read from stdout: Tests: succeeded 1, failed 0, canceled 0, ignored 0, pending 0
Read from stdout: All tests passed.
Run completed in 180 milliseconds.
Total number of tests run: 1
Suites: completed 1, aborted 0
Tests: succeeded 1, failed 0, canceled 0, ignored 0, pending 0
All tests passed.
Passed tests:
	PegBuilderTest
Total time: 2 s, completed 13-Mar-2016 17:55:33
> server-post-command-cleanup
> server-handle-next-server-request
